<?xml version="1.0" encoding="UTF-8"?>
<!-- Generated by org.testng.reporters.JUnitXMLReporter -->
<testsuite ignored="0" hostname="INBGL1WLX49058" failures="0" tests="3" name="Default test" time="4.497" errors="0" timestamp="2024-09-22T15:47:50 IST">
  <testcase classname="akk.DynamicJsonPayload" name="add" time="3.493"/>
  <testcase classname="akk.DynamicJsonPayload" name="add" time="0.413"/>
  <testcase classname="akk.DynamicJsonPayload" name="add" time="0.515"/>
</testsuite> <!-- Default test -->
